<?xml version="1.0" encoding="UTF-8"?>
<!-- Generated by org.testng.reporters.JUnitReportReporter -->
<testsuite hostname="DESKTOP-AF33508" failures="0" tests="2" name="beforetest_aftertest_annotations.Test_Login_Page" time="4.511" errors="0" timestamp="2023-09-25T16:34:19 IST" skipped="0">
  <testcase classname="beforetest_aftertest_annotations.Test_Login_Page" name="testInvalidLogin" time="2.203"/>
  <testcase classname="beforetest_aftertest_annotations.Test_Login_Page" name="testValidLogin" time="2.308"/>
</testsuite> <!-- beforetest_aftertest_annotations.Test_Login_Page -->
