<?xml version="1.0" encoding="UTF-8"?>
<!-- Generated by org.testng.reporters.JUnitReportReporter -->
<testsuite hostname="DESKTOP-AF33508" failures="0" tests="2" name="beforesuite_aftersuite_annotations.Login_Page" time="10.237" errors="0" timestamp="2023-09-25T21:27:00 IST" skipped="0">
  <testcase classname="beforesuite_aftersuite_annotations.Login_Page" name="testValidLogin" time="2.824"/>
  <testcase classname="beforesuite_aftersuite_annotations.Login_Page" name="testInvalidLogin" time="7.413"/>
</testsuite> <!-- beforesuite_aftersuite_annotations.Login_Page -->
