<?xml version="1.0" encoding="UTF-8"?>
<!-- Generated by org.testng.reporters.JUnitReportReporter -->
<testsuite hostname="DESKTOP-AF33508" failures="0" tests="1" name="beforetest_aftertest_annotations.Test_Login_Page_With_Valid_Crendentials" time="2.476" errors="0" timestamp="2023-09-25T19:06:50 IST" skipped="0">
  <testcase classname="beforetest_aftertest_annotations.Test_Login_Page_With_Valid_Crendentials" name="testValidLogin" time="2.476"/>
</testsuite> <!-- beforetest_aftertest_annotations.Test_Login_Page_With_Valid_Crendentials -->
