<?xml version="1.0" encoding="UTF-8"?>
<!-- Generated by org.testng.reporters.JUnitReportReporter -->
<testsuite hostname="DESKTOP-AF33508" failures="0" tests="2" name="beforemethod_aftermethod_annotations.BeforeMethod_AfterMethod_Annotation" time="39.507" errors="0" timestamp="2023-09-25T21:20:20 IST" skipped="0">
  <testcase classname="beforemethod_aftermethod_annotations.BeforeMethod_AfterMethod_Annotation" name="testDashboardPage" time="22.598"/>
  <testcase classname="beforemethod_aftermethod_annotations.BeforeMethod_AfterMethod_Annotation" name="testAdminPage" time="16.909"/>
</testsuite> <!-- beforemethod_aftermethod_annotations.BeforeMethod_AfterMethod_Annotation -->
