<?xml version="1.0" encoding="UTF-8"?>
<!-- Generated by org.testng.reporters.JUnitReportReporter -->
<testsuite hostname="DESKTOP-AF33508" failures="0" tests="2" name="beforeclass_afterclass_annotations.BeforeClass_AfterClass_Annotation" time="4.809" errors="0" timestamp="2023-09-25T15:50:25 IST" skipped="0">
  <testcase classname="beforeclass_afterclass_annotations.BeforeClass_AfterClass_Annotation" name="testAdminPage" time="3.893"/>
  <testcase classname="beforeclass_afterclass_annotations.BeforeClass_AfterClass_Annotation" name="testDashboardPage" time="0.916"/>
</testsuite> <!-- beforeclass_afterclass_annotations.BeforeClass_AfterClass_Annotation -->
