<?xml version="1.0" encoding="UTF-8"?>
<!-- Generated by org.testng.reporters.JUnitReportReporter -->
<testsuite hostname="DESKTOP-AF33508" failures="0" tests="2" name="beforegroups_aftergroups_annotations.BeforeGroups_AfterGroups_Annotation" time="2.832" errors="0" timestamp="2023-09-25T20:53:51 IST" skipped="0">
  <testcase classname="beforegroups_aftergroups_annotations.BeforeGroups_AfterGroups_Annotation" name="testInvalidLogin" time="0.981"/>
  <testcase classname="beforegroups_aftergroups_annotations.BeforeGroups_AfterGroups_Annotation" name="testValidLogin" time="1.851"/>
</testsuite> <!-- beforegroups_aftergroups_annotations.BeforeGroups_AfterGroups_Annotation -->
