<?xml version="1.0" encoding="UTF-8"?>
<!-- Generated by org.testng.reporters.JUnitReportReporter -->
<testsuite hostname="DESKTOP-AF33508" failures="0" tests="1" name="beforesuite_aftersuite_annotations.Admin_Page" time="3.548" errors="0" timestamp="2023-09-25T17:18:52 IST" skipped="0">
  <testcase classname="beforesuite_aftersuite_annotations.Admin_Page" name="testAdminPage" time="3.548"/>
</testsuite> <!-- beforesuite_aftersuite_annotations.Admin_Page -->
