<?xml version="1.0" encoding="UTF-8"?>
<!-- Generated by org.testng.reporters.JUnitReportReporter -->
<testsuite hostname="DESKTOP-AF33508" failures="0" tests="1" name="test_annotations.Test_Annotation" time="16.239" errors="0" timestamp="2023-09-25T21:18:41 IST" skipped="0">
  <testcase classname="test_annotations.Test_Annotation" name="testLoginpage" time="16.239"/>
</testsuite> <!-- test_annotations.Test_Annotation -->
