<?xml version="1.0" encoding="UTF-8"?>
<!-- Generated by org.testng.reporters.JUnitReportReporter -->
<testsuite hostname="DESKTOP-AF33508" failures="0" tests="2" name="beforesuite_aftersuite_annotations.BeforeSuite_AfterSuite_Annotation" time="5.517" errors="0" timestamp="2023-09-25T16:10:32 IST" skipped="0">
  <testcase classname="beforesuite_aftersuite_annotations.BeforeSuite_AfterSuite_Annotation" name="testLogout" time="4.615"/>
  <testcase classname="beforesuite_aftersuite_annotations.BeforeSuite_AfterSuite_Annotation" name="testLogin" time="0.902"/>
</testsuite> <!-- beforesuite_aftersuite_annotations.BeforeSuite_AfterSuite_Annotation -->
