<?xml version="1.0" encoding="UTF-8"?>
<!-- Generated by org.testng.reporters.JUnitReportReporter -->
<testsuite hostname="DESKTOP-AF33508" failures="0" tests="1" name="beforesuite_aftersuite_annotations.Admin_Page" time="6.508" errors="0" timestamp="2023-09-25T21:27:00 IST" skipped="0">
  <testcase classname="beforesuite_aftersuite_annotations.Admin_Page" name="testAdminPage" time="6.508"/>
</testsuite> <!-- beforesuite_aftersuite_annotations.Admin_Page -->
