<?xml version="1.0" encoding="UTF-8"?>
<!-- Generated by org.testng.reporters.JUnitReportReporter -->
<testsuite hostname="DESKTOP-AF33508" failures="0" tests="2" name="beforetest_aftertest_annotations.Login_Page" time="5.071" errors="0" timestamp="2023-09-25T17:36:44 IST" skipped="0">
  <testcase classname="beforetest_aftertest_annotations.Login_Page" name="testValidLogin" time="2.119"/>
  <testcase classname="beforetest_aftertest_annotations.Login_Page" name="testInvalidLogin" time="2.952"/>
</testsuite> <!-- beforetest_aftertest_annotations.Login_Page -->
