<?xml version="1.0" encoding="UTF-8"?>
<!-- Generated by org.testng.reporters.JUnitReportReporter -->
<testsuite hostname="DESKTOP-AF33508" failures="0" tests="1" name="beforetest_aftertest_annotations.Test_Forgot_Password_Page" time="1.286" errors="0" timestamp="2023-09-25T14:59:41 IST" skipped="0">
  <testcase classname="beforetest_aftertest_annotations.Test_Forgot_Password_Page" name="testForgotPassword" time="1.286"/>
</testsuite> <!-- beforetest_aftertest_annotations.Test_Forgot_Password_Page -->
