<?xml version="1.0" encoding="UTF-8"?>
<!-- Generated by org.testng.reporters.JUnitReportReporter -->
<testsuite hostname="DESKTOP-AF33508" failures="0" tests="2" name="beforeclass_afterclass_annotations.BeforeClass_AfterClass_Annotation" time="5.736" errors="0" timestamp="2023-09-25T21:21:59 IST" skipped="0">
  <testcase classname="beforeclass_afterclass_annotations.BeforeClass_AfterClass_Annotation" name="testAdminPage" time="4.626"/>
  <testcase classname="beforeclass_afterclass_annotations.BeforeClass_AfterClass_Annotation" name="testDashboardPage" time="1.110"/>
</testsuite> <!-- beforeclass_afterclass_annotations.BeforeClass_AfterClass_Annotation -->
