<?xml version="1.0" encoding="UTF-8"?>
<!-- Generated by org.testng.reporters.JUnitReportReporter -->
<testsuite hostname="DESKTOP-AF33508" failures="0" tests="1" name="beforetest_aftertest_annotations.Test_OrangeHRMInc_Home_Page" time="1.609" errors="0" timestamp="2023-09-25T16:34:19 IST" skipped="0">
  <testcase classname="beforetest_aftertest_annotations.Test_OrangeHRMInc_Home_Page" name="testOrangeHRM" time="1.609"/>
</testsuite> <!-- beforetest_aftertest_annotations.Test_OrangeHRMInc_Home_Page -->
