<?xml version="1.0" encoding="UTF-8"?>
<!-- Generated by org.testng.reporters.JUnitReportReporter -->
<testsuite hostname="DESKTOP-AF33508" failures="0" tests="1" name="beforetest_aftertest_annotations.Test_Login_Page" time="2.189" errors="0" timestamp="2023-09-25T14:58:55 IST" skipped="0">
  <testcase classname="beforetest_aftertest_annotations.Test_Login_Page" name="testLogin" time="2.189"/>
</testsuite> <!-- beforetest_aftertest_annotations.Test_Login_Page -->
