<?xml version="1.0" encoding="UTF-8"?>
<!-- Generated by org.testng.reporters.JUnitReportReporter -->
<testsuite hostname="DESKTOP-AF33508" failures="0" tests="1" name="beforetest_aftertest_annotations.Test_Home_Page" time="0.002" errors="0" timestamp="2023-09-25T14:43:53 IST" skipped="0">
  <testcase classname="beforetest_aftertest_annotations.Test_Home_Page" name="testHomePage" time="0.002"/>
</testsuite> <!-- beforetest_aftertest_annotations.Test_Home_Page -->
