<?xml version="1.0" encoding="UTF-8"?>
<!-- Generated by org.testng.reporters.JUnitReportReporter -->
<testsuite hostname="DESKTOP-AF33508" failures="0" tests="2" name="beforegroups_aftergroups_annotations.Login_Page" time="5.668" errors="0" timestamp="2023-09-25T21:09:19 IST" skipped="0">
  <testcase classname="beforegroups_aftergroups_annotations.Login_Page" name="testInvalidLogin" time="3.344"/>
  <testcase classname="beforegroups_aftergroups_annotations.Login_Page" name="testValidLogin" time="2.324"/>
</testsuite> <!-- beforegroups_aftergroups_annotations.Login_Page -->
