<?xml version="1.0" encoding="UTF-8"?>
<!-- Generated by org.testng.reporters.JUnitReportReporter -->
<testsuite hostname="DESKTOP-AF33508" failures="0" tests="2" name="beforegroups_aftergroups_annotations.Login_Page" time="8.483" errors="0" timestamp="2023-09-25T21:23:22 IST" skipped="0">
  <testcase classname="beforegroups_aftergroups_annotations.Login_Page" name="testValidLogin" time="3.365"/>
  <testcase classname="beforegroups_aftergroups_annotations.Login_Page" name="testInvalidLogin" time="5.118"/>
</testsuite> <!-- beforegroups_aftergroups_annotations.Login_Page -->
