<?xml version="1.0" encoding="UTF-8"?>
<!-- Generated by org.testng.reporters.JUnitReportReporter -->
<testsuite hostname="DESKTOP-AF33508" failures="0" tests="2" name="beforemethod_aftermethod_annotations.BeforeMethod_AfterMethod_Annotation" time="37.696" errors="0" timestamp="2023-09-25T15:40:22 IST" skipped="0">
  <testcase classname="beforemethod_aftermethod_annotations.BeforeMethod_AfterMethod_Annotation" name="testDashboardPage" time="22.502"/>
  <testcase classname="beforemethod_aftermethod_annotations.BeforeMethod_AfterMethod_Annotation" name="testAdminPage" time="15.194"/>
</testsuite> <!-- beforemethod_aftermethod_annotations.BeforeMethod_AfterMethod_Annotation -->
