<?xml version="1.0" encoding="UTF-8"?>
<!-- Generated by org.testng.reporters.JUnitReportReporter -->
<testsuite hostname="DESKTOP-AF33508" failures="0" tests="2" name="beforesuite_aftersuite_annotations.Login_Page" time="17.439" errors="0" timestamp="2023-09-25T17:18:52 IST" skipped="0">
  <testcase classname="beforesuite_aftersuite_annotations.Login_Page" name="testValidLogin" time="2.135"/>
  <testcase classname="beforesuite_aftersuite_annotations.Login_Page" name="testInvalidLogin" time="15.304"/>
</testsuite> <!-- beforesuite_aftersuite_annotations.Login_Page -->
